2017-03-30 10:18:04.181028 RoadDetector[3297:815776] create file acc_data.in: 0
2017-03-30 10:18:04.182092 RoadDetector[3297:815776] create file gyro_data.in: 0
2017-03-30 10:18:04.232612 RoadDetector[3297:815838] [LogMessageLogging] 6.1 Unable to retrieve CarrierName. CTError: domain-2, code-5, errStr:((os/kern) failure)
2017-03-30 10:18:04.320408 RoadDetector[3297:815776] update acc location: -0.073807 and -0.088913 and -0.979965
2017-03-30 10:18:04.321570 RoadDetector[3297:815776] update acc location: -0.061523 and -0.097397 and -0.987122
2017-03-30 10:18:04.321735 RoadDetector[3297:815776] update acc location: -0.049316 and -0.103607 and -0.990875
2017-03-30 10:18:04.336422 RoadDetector[3297:815776] update acc location: -0.048752 and -0.109772 and -0.990768
2017-03-30 10:18:04.348381 RoadDetector[3297:815776] update acc location: -0.054352 and -0.110245 and -0.983078
2017-03-30 10:18:04.364588 RoadDetector[3297:815776] update acc location: -0.061462 and -0.108078 and -0.972260
2017-03-30 10:18:04.380543 RoadDetector[3297:815776] update acc location: -0.069977 and -0.105743 and -0.963791
2017-03-30 10:18:04.398385 RoadDetector[3297:815776] update acc location: -0.078979 and -0.096115 and -0.955566
2017-03-30 10:18:04.414520 RoadDetector[3297:815776] update acc location: -0.086746 and -0.089478 and -0.959091
2017-03-30 10:18:04.431115 RoadDetector[3297:815776] update location: 0.000000 and 0.000000
2017-03-30 10:18:04.432401 RoadDetector[3297:815776] update acc location: -0.091568 and -0.085388 and -0.964798
2017-03-30 10:18:04.448544 RoadDetector[3297:815776] update acc location: -0.091873 and -0.078384 and -0.972839
2017-03-30 10:18:04.466504 RoadDetector[3297:815776] update acc location: -0.090942 and -0.066772 and -0.980530
Painter Z index: 1023 is too large (max 255)
Painter Z index: 1023 is too large (max 255)
2017-03-30 10:18:04.482355 RoadDetector[3297:815776] update acc location: -0.088806 and -0.058487 and -0.976089
2017-03-30 10:18:04.500219 RoadDetector[3297:815776] update acc location: -0.086838 and -0.060913 and -0.968063
2017-03-30 10:18:04.516263 RoadDetector[3297:815776] update acc location: -0.083069 and -0.066986 and -0.970917
2017-03-30 10:18:04.538211 RoadDetector[3297:815776] update acc location: -0.071838 and -0.079773 and -0.970169
2017-03-30 10:18:04.540391 RoadDetector[3297:815776] update gyro location: -0.017035 and 0.018192 and -0.053320
Painter Z index: 1023 is too large (max 255)
Painter Z index: 1023 is too large (max 255)
Painter Z index: 1023 is too large (max 255)
Painter Z index: 1023 is too large (max 255)
2017-03-30 10:18:04.550150 RoadDetector[3297:815776] update gyro location: -0.008548 and 0.027785 and -0.043732
2017-03-30 10:18:04.550219 RoadDetector[3297:815776] update acc location: -0.061676 and -0.092957 and -0.963425
Painter Z index: 1023 is too large (max 255)
2017-03-30 10:18:04.560104 RoadDetector[3297:815776] update gyro location: -0.002197 and 0.036296 and -0.030948
2017-03-30 10:18:04.568155 RoadDetector[3297:815776] update acc location: -0.053696 and -0.104813 and -0.961609
2017-03-30 10:18:04.570057 RoadDetector[3297:815776] update gyro location: -0.003310 and 0.039432 and -0.010709
2017-03-30 10:18:04.580544 RoadDetector[3297:815776] update gyro location: -0.008693 and 0.039336 and 0.016989
2017-03-30 10:18:04.584168 RoadDetector[3297:815776] update acc location: -0.050491 and -0.117065 and -0.964661
2017-03-30 10:18:04.590266 RoadDetector[3297:815776] update gyro location: -0.014083 and 0.040299 and 0.046815
2017-03-30 10:18:04.600006 RoadDetector[3297:815776] update gyro location: -0.018413 and 0.044468 and 0.074509
2017-03-30 10:18:04.601987 RoadDetector[3297:815776] update acc location: -0.051163 and -0.118668 and -0.964554
2017-03-30 10:18:04.610171 RoadDetector[3297:815776] update gyro location: -0.014166 and 0.041239 and 0.092632
2017-03-30 10:18:04.617930 RoadDetector[3297:815776] update acc location: -0.057846 and -0.111481 and -0.966492
2017-03-30 10:18:04.619916 RoadDetector[3297:815776] update gyro location: -0.008847 and 0.041235 and 0.101163
2017-03-30 10:18:04.629958 RoadDetector[3297:815776] update gyro location: -0.000304 and 0.038068 and 0.102243
2017-03-30 10:18:04.632145 RoadDetector[3297:815776] update location: 0.000000 and 0.000000
2017-03-30 10:18:04.636045 RoadDetector[3297:815776] update acc location: -0.072601 and -0.099213 and -0.967758
2017-03-30 10:18:04.639873 RoadDetector[3297:815776] update gyro location: 0.000760 and 0.040209 and 0.100111
2017-03-30 10:18:04.649929 RoadDetector[3297:815776] update gyro location: -0.008817 and 0.034858 and 0.095843
2017-03-30 10:18:04.651940 RoadDetector[3297:815776] update acc location: -0.084717 and -0.088547 and -0.971436
2017-03-30 10:18:04.659874 RoadDetector[3297:815776] update gyro location: -0.017324 and 0.027375 and 0.093711
2017-03-30 10:18:04.669915 RoadDetector[3297:815776] update acc location: -0.094208 and -0.077606 and -0.976212
2017-03-30 10:18:04.670002 RoadDetector[3297:815776] update gyro location: -0.024750 and 0.022059 and 0.079856
2017-03-30 10:18:04.679870 RoadDetector[3297:815776] update gyro location: -0.021485 and 0.011465 and 0.062825
2017-03-30 10:18:04.685865 RoadDetector[3297:815776] update acc location: -0.101624 and -0.067444 and -0.979950
2017-03-30 10:18:04.691082 RoadDetector[3297:815776] update gyro location: -0.012886 and 0.000891 and 0.045801
2017-03-30 10:18:04.699810 RoadDetector[3297:815776] update gyro location: -0.002186 and 0.000981 and 0.027700
2017-03-30 10:18:04.703752 RoadDetector[3297:815776] update acc location: -0.103836 and -0.060654 and -0.974625
2017-03-30 10:18:04.709754 RoadDetector[3297:815776] update gyro location: 0.004212 and 0.014918 and 0.004249
2017-03-30 10:18:04.719747 RoadDetector[3297:815776] update gyro location: 0.003160 and 0.024575 and -0.022403
2017-03-30 10:18:04.719827 RoadDetector[3297:815776] update acc location: -0.102844 and -0.056229 and -0.966995
2017-03-30 10:18:04.729694 RoadDetector[3297:815776] update gyro location: -0.003203 and 0.027823 and -0.050119
2017-03-30 10:18:04.737703 RoadDetector[3297:815776] update acc location: -0.105576 and -0.065292 and -0.968033
2017-03-30 10:18:04.739652 RoadDetector[3297:815776] update gyro location: -0.012745 and 0.022528 and -0.074631
2017-03-30 10:18:04.749651 RoadDetector[3297:815776] update gyro location: -0.019079 and 0.012972 and -0.094872
2017-03-30 10:18:04.753623 RoadDetector[3297:815776] update acc location: -0.098297 and -0.079483 and -0.970535
2017-03-30 10:18:04.759783 RoadDetector[3297:815776] update gyro location: -0.023346 and 0.015098 and -0.099142
2017-03-30 10:18:04.769605 RoadDetector[3297:815776] update gyro location: -0.020191 and 0.027888 and -0.097023
2017-03-30 10:18:04.771740 RoadDetector[3297:815776] update acc location: -0.085159 and -0.093628 and -0.964081
2017-03-30 10:18:04.779591 RoadDetector[3297:815776] update gyro location: -0.007453 and 0.043894 and -0.089568
2017-03-30 10:18:04.787608 RoadDetector[3297:815776] update acc location: -0.070496 and -0.098679 and -0.958054
2017-03-30 10:18:04.868536 RoadDetector[3297:815776] update gyro location: 0.005297 and 0.053497 and -0.077844
2017-03-30 10:18:04.868648 RoadDetector[3297:815776] update gyro location: 0.002050 and 0.058765 and -0.060806
2017-03-30 10:18:04.868699 RoadDetector[3297:815776] update acc location: -0.057220 and -0.106262 and -0.955902
2017-03-30 10:18:04.868735 RoadDetector[3297:815776] update gyro location: -0.020411 and 0.065017 and -0.040597
2017-03-30 10:18:04.878879 RoadDetector[3297:815776] update gyro location: -0.049249 and 0.061646 and -0.016121
2017-03-30 10:18:04.890304 RoadDetector[3297:815776] update acc location: -0.048645 and -0.112244 and -0.960983
2017-03-30 10:18:04.906449 RoadDetector[3297:815776] update gyro location: -0.074848 and 0.046569 and 0.008372
2017-03-30 10:18:04.923134 RoadDetector[3297:815776] update acc location: -0.046585 and -0.111786 and -0.974258
2017-03-30 10:18:04.945422 RoadDetector[3297:815776] update gyro location: -0.081238 and 0.029430 and 0.033958
2017-03-30 10:18:04.978206 RoadDetector[3297:815776] update gyro location: -0.074856 and 0.021930 and 0.058483
2017-03-30 10:18:04.978371 RoadDetector[3297:815776] update acc location: -0.053131 and -0.103226 and -0.984955
2017-03-30 10:18:04.988584 RoadDetector[3297:815776] update gyro location: -0.050339 and 0.019847 and 0.074499
2017-03-30 10:18:04.989882 RoadDetector[3297:815776] update gyro location: -0.023670 and 0.015660 and 0.084128
2017-03-30 10:18:04.989969 RoadDetector[3297:815776] update acc location: -0.067200 and -0.094437 and -0.991211
2017-03-30 10:18:04.990002 RoadDetector[3297:815776] update gyro location: -0.000183 and 0.011489 and 0.083097
2017-03-30 10:18:04.990031 RoadDetector[3297:815776] update gyro location: 0.014797 and 0.003050 and 0.073536
2017-03-30 10:18:04.990059 RoadDetector[3297:815776] update acc location: -0.083374 and -0.082230 and -0.991928
2017-03-30 10:18:04.990086 RoadDetector[3297:815776] update gyro location: 0.015916 and -0.004359 and 0.057564
2017-03-30 10:18:04.990112 RoadDetector[3297:815776] update acc location: -0.093201 and -0.072968 and -0.986374
2017-03-30 10:18:04.990149 RoadDetector[3297:815776] update gyro location: 0.006368 and -0.012876 and 0.042645
2017-03-30 10:18:04.990176 RoadDetector[3297:815776] update gyro location: 0.000006 and -0.012839 and 0.020261
2017-03-30 10:18:04.990205 RoadDetector[3297:815776] update acc location: -0.099655 and -0.068817 and -0.972992
2017-03-30 10:18:04.990231 RoadDetector[3297:815776] update gyro location: -0.006365 and -0.011745 and 0.001072
2017-03-30 10:18:04.990256 RoadDetector[3297:815776] update gyro location: -0.011706 and -0.001068 and -0.014931
2017-03-30 10:18:04.990313 RoadDetector[3297:815776] update acc location: -0.099869 and -0.067505 and -0.961105
2017-03-30 10:18:04.990351 RoadDetector[3297:815776] update gyro location: -0.018119 and 0.010667 and -0.029871
2017-03-30 10:18:04.990390 RoadDetector[3297:815776] update acc location: -0.096832 and -0.067520 and -0.954941
2017-03-30 10:18:04.990418 RoadDetector[3297:815776] update gyro location: -0.023448 and 0.016008 and -0.042670
2017-03-30 10:18:04.990444 RoadDetector[3297:815776] update gyro location: -0.029867 and 0.027734 and -0.054414
2017-03-30 10:18:04.990470 RoadDetector[3297:815776] update acc location: -0.090500 and -0.073303 and -0.957001
2017-03-30 10:18:04.990496 RoadDetector[3297:815776] update gyro location: -0.035224 and 0.040527 and -0.065092
2017-03-30 10:18:04.990522 RoadDetector[3297:815776] update gyro location: -0.036285 and 0.044816 and -0.076819
2017-03-30 10:18:04.991136 RoadDetector[3297:815776] update acc location: -0.081818 and -0.079803 and -0.962677
2017-03-30 10:18:04.999062 RoadDetector[3297:815776] update gyro location: -0.036260 and 0.039502 and -0.081075
2017-03-30 10:18:05.009723 RoadDetector[3297:815776] update acc location: -0.072449 and -0.089554 and -0.971146
2017-03-30 10:18:05.009803 RoadDetector[3297:815776] update gyro location: -0.036251 and 0.037374 and -0.082138
2017-03-30 10:18:05.019030 RoadDetector[3297:815776] update gyro location: -0.034119 and 0.032026 and -0.071473
2017-03-30 10:18:05.032387 RoadDetector[3297:815776] update acc location: -0.060394 and -0.098663 and -0.972763
2017-03-30 10:18:05.032475 RoadDetector[3297:815776] update gyro location: -0.029888 and 0.034126 and -0.054422
2017-03-30 10:18:05.039645 RoadDetector[3297:815776] update gyro location: -0.025687 and 0.042603 and -0.032051
2017-03-30 10:18:05.042853 RoadDetector[3297:815776] update acc location: -0.050949 and -0.101593 and -0.971481
2017-03-30 10:18:05.048934 RoadDetector[3297:815776] update gyro location: -0.017215 and 0.052172 and -0.013938
2017-03-30 10:18:05.059053 RoadDetector[3297:815776] update gyro location: -0.014059 and 0.055327 and 0.005241
2017-03-30 10:18:05.059149 RoadDetector[3297:815776] update acc location: -0.046860 and -0.100433 and -0.971466
2017-03-30 10:18:05.068921 RoadDetector[3297:815776] update gyro location: -0.017239 and 0.039286 and 0.023371
2017-03-30 10:18:05.076822 RoadDetector[3297:815776] update acc location: -0.048462 and -0.100906 and -0.978790
2017-03-30 10:18:05.078890 RoadDetector[3297:815776] update gyro location: -0.026820 and 0.024293 and 0.039361
2017-03-30 10:18:05.090560 RoadDetector[3297:815776] update gyro location: -0.034259 and 0.008251 and 0.052158
2017-03-30 10:18:05.092840 RoadDetector[3297:815776] update acc location: -0.055771 and -0.097168 and -0.981934
2017-03-30 10:18:05.098898 RoadDetector[3297:815776] update gyro location: -0.031050 and 0.001851 and 0.059628
2017-03-30 10:18:05.108867 RoadDetector[3297:815776] update gyro location: -0.026771 and -0.002397 and 0.060705
2017-03-30 10:18:05.110793 RoadDetector[3297:815776] update acc location: -0.065353 and -0.089020 and -0.981033
2017-03-30 10:18:05.118800 RoadDetector[3297:815776] update gyro location: -0.022505 and -0.001313 and 0.059643
2017-03-30 10:18:05.126868 RoadDetector[3297:815776] update acc location: -0.079147 and -0.084122 and -0.977921
2017-03-30 10:18:05.128763 RoadDetector[3297:815776] update gyro location: -0.018244 and 0.001904 and 0.057513
2017-03-30 10:18:05.139687 RoadDetector[3297:815776] update gyro location: -0.018243 and 0.005118 and 0.051116
2017-03-30 10:18:05.144793 RoadDetector[3297:815776] update acc location: -0.087402 and -0.079803 and -0.974442
2017-03-30 10:18:05.148710 RoadDetector[3297:815776] update gyro location: -0.017154 and 0.004086 and 0.040464
2017-03-30 10:18:05.158648 RoadDetector[3297:815776] update gyro location: -0.008597 and 0.005224 and 0.025555
2017-03-30 10:18:05.160663 RoadDetector[3297:815776] update acc location: -0.094193 and -0.074371 and -0.973953
2017-03-30 10:18:05.168737 RoadDetector[3297:815776] update gyro location: -0.005375 and 0.008482 and 0.007441
2017-03-30 10:18:05.178800 RoadDetector[3297:815776] update acc location: -0.092743 and -0.068649 and -0.970642
2017-03-30 10:18:05.178886 RoadDetector[3297:815776] update gyro location: -0.009625 and 0.010634 and -0.006418
2017-03-30 10:18:05.189960 RoadDetector[3297:815776] update gyro location: -0.013867 and 0.009588 and -0.019209
2017-03-30 10:18:05.194729 RoadDetector[3297:815776] update acc location: -0.089539 and -0.069550 and -0.969040
2017-03-30 10:18:05.198657 RoadDetector[3297:815776] update gyro location: -0.017048 and 0.010677 and -0.032001
2017-03-30 10:18:05.208660 RoadDetector[3297:815776] update gyro location: -0.014889 and 0.010726 and -0.046915
2017-03-30 10:18:05.212602 RoadDetector[3297:815776] update acc location: -0.086960 and -0.067520 and -0.967438
Painter Z index: 1023 is too large (max 255)
Painter Z index: 1023 is too large (max 255)
Painter Z index: 1023 is too large (max 255)
Painter Z index: 1023 is too large (max 255)
Painter Z index: 1023 is too large (max 255)
Painter Z index: 1023 is too large (max 255)
2017-03-30 10:18:05.218663 RoadDetector[3297:815776] update gyro location: -0.011679 and 0.016105 and -0.061835
2017-03-30 10:18:05.231243 RoadDetector[3297:815776] update location: 121.435260 and 31.024266
2017-03-30 10:18:05.241225 RoadDetector[3297:815776] update gyro location: -0.011692 and 0.025722 and -0.072503
2017-03-30 10:18:05.242023 RoadDetector[3297:815776] update acc location: -0.084274 and -0.071335 and -0.965561
2017-03-30 10:18:05.243090 RoadDetector[3297:815776] update gyro location: -0.014919 and 0.037445 and -0.078915
2017-03-30 10:18:05.246440 RoadDetector[3297:815776] update acc location: -0.079239 and -0.078186 and -0.967804
2017-03-30 10:18:05.248575 RoadDetector[3297:815776] update gyro location: -0.014936 and 0.043843 and -0.081054
2017-03-30 10:18:05.258609 RoadDetector[3297:815776] update gyro location: -0.014947 and 0.047038 and -0.081058
2017-03-30 10:18:05.262525 RoadDetector[3297:815776] update acc location: -0.069809 and -0.087845 and -0.970306
2017-03-30 10:18:05.268638 RoadDetector[3297:815776] update gyro location: -0.016017 and 0.042747 and -0.071464
2017-03-30 10:18:05.278496 RoadDetector[3297:815776] update gyro location: -0.017095 and 0.039512 and -0.058675
2017-03-30 10:18:05.279152 RoadDetector[3297:815776] update location: 121.434118 and 31.025502
2017-03-30 10:18:05.280490 RoadDetector[3297:815776] update acc location: -0.057404 and -0.096237 and -0.973526
2017-03-30 10:18:05.286700 RoadDetector[3297:815776] update location: 121.433282 and 31.026410
2017-03-30 10:18:05.288512 RoadDetector[3297:815776] update gyro location: -0.020339 and 0.044785 and -0.043768
2017-03-30 10:18:05.296583 RoadDetector[3297:815776] update acc location: -0.046600 and -0.103668 and -0.973969
2017-03-30 10:18:05.298501 RoadDetector[3297:815776] update gyro location: -0.025687 and 0.036179 and -0.020322
2017-03-30 10:18:05.305005 RoadDetector[3297:815776] update location: 121.432668 and 31.027077
2017-03-30 10:18:05.308514 RoadDetector[3297:815776] update gyro location: -0.026761 and 0.024387 and 0.005264
2017-03-30 10:18:05.313226 RoadDetector[3297:815776] update location: 121.432217 and 31.027566
2017-03-30 10:18:05.314524 RoadDetector[3297:815776] update acc location: -0.042389 and -0.109894 and -0.979477
2017-03-30 10:18:05.318496 RoadDetector[3297:815776] update gyro location: -0.021445 and 0.015811 and 0.031919
2017-03-30 10:18:05.328349 RoadDetector[3297:815776] update gyro location: -0.018272 and 0.011498 and 0.055370
2017-03-30 10:18:05.330457 RoadDetector[3297:815776] update acc location: -0.045792 and -0.108200 and -0.981262
2017-03-30 10:18:05.338468 RoadDetector[3297:815776] update gyro location: -0.011880 and 0.002941 and 0.076700
2017-03-30 10:18:05.339053 RoadDetector[3297:815776] update location: 121.432217 and 31.027566
2017-03-30 10:18:05.339448 RoadDetector[3297:815776] update location: 121.432217 and 31.027566
2017-03-30 10:18:05.343680 RoadDetector[3297:815776] update location: 121.435260 and 31.024266
2017-03-30 10:18:05.348449 RoadDetector[3297:815776] update acc location: -0.056198 and -0.102112 and -0.985855
2017-03-30 10:18:05.348523 RoadDetector[3297:815776] update gyro location: -0.007599 and -0.008799 and 0.090571
2017-03-30 10:18:05.358473 RoadDetector[3297:815776] update gyro location: -0.005461 and -0.013067 and 0.095907
2017-03-30 10:18:05.364434 RoadDetector[3297:815776] update acc location: -0.072937 and -0.090210 and -0.981781
2017-03-30 10:18:05.368356 RoadDetector[3297:815776] update gyro location: -0.004372 and -0.016241 and 0.089519
2017-03-30 10:18:05.378304 RoadDetector[3297:815776] update gyro location: -0.004351 and -0.015138 and 0.075666
2017-03-30 10:18:05.382395 RoadDetector[3297:815776] update acc location: -0.089584 and -0.077805 and -0.976837
2017-03-30 10:18:05.388421 RoadDetector[3297:815776] update gyro location: -0.004304 and -0.019346 and 0.056492
2017-03-30 10:18:05.398506 RoadDetector[3297:815776] update gyro location: -0.003198 and -0.019280 and 0.034117
2017-03-30 10:18:05.398582 RoadDetector[3297:815776] update acc location: -0.101089 and -0.069733 and -0.974640
2017-03-30 10:18:05.408411 RoadDetector[3297:815776] update gyro location: 0.000043 and -0.020275 and 0.012812
2017-03-30 10:18:05.416184 RoadDetector[3297:815776] update acc location: -0.104950 and -0.065231 and -0.971298
2017-03-30 10:18:05.418153 RoadDetector[3297:815776] update gyro location: 0.000062 and -0.014893 and -0.007440
2017-03-30 10:18:05.428077 RoadDetector[3297:815776] update gyro location: 0.002179 and 0.001149 and -0.027702
2017-03-30 10:18:05.432664 RoadDetector[3297:815776] update acc location: -0.102463 and -0.062225 and -0.962051
2017-03-30 10:18:05.438041 RoadDetector[3297:815776] update gyro location: -0.002096 and 0.010759 and -0.041572
2017-03-30 10:18:05.448150 RoadDetector[3297:815776] update gyro location: -0.015969 and 0.016054 and -0.049054
2017-03-30 10:18:05.450086 RoadDetector[3297:815776] update acc location: -0.094284 and -0.067596 and -0.961273
2017-03-30 10:18:05.458181 RoadDetector[3297:815776] update gyro location: -0.034090 and 0.011728 and -0.050137
2017-03-30 10:18:05.466063 RoadDetector[3297:815776] update acc location: -0.084579 and -0.074142 and -0.971634
2017-03-30 10:18:05.468207 RoadDetector[3297:815776] update gyro location: -0.043662 and 0.004244 and -0.053336
2017-03-30 10:18:05.478098 RoadDetector[3297:815776] update gyro location: -0.037227 and -0.003174 and -0.058647
2017-03-30 10:18:05.485447 RoadDetector[3297:815776] update acc location: -0.078018 and -0.078369 and -0.977646
2017-03-30 10:18:05.488256 RoadDetector[3297:815776] update gyro location: -0.023347 and -0.003105 and -0.065023
2017-03-30 10:18:05.498187 RoadDetector[3297:815776] update gyro location: -0.010561 and 0.005483 and -0.071411
2017-03-30 10:18:05.500039 RoadDetector[3297:815776] update acc location: -0.071945 and -0.080429 and -0.977539
2017-03-30 10:18:05.508158 RoadDetector[3297:815776] update gyro location: 0.003286 and 0.014065 and -0.074600
2017-03-30 10:18:05.518067 RoadDetector[3297:815776] update acc location: -0.069153 and -0.088440 and -0.974060
2017-03-30 10:18:05.518148 RoadDetector[3297:815776] update gyro location: 0.015011 and 0.018376 and -0.076722
2017-03-30 10:18:05.537152 RoadDetector[3297:815776] update gyro location: 0.019259 and 0.022645 and -0.073526
2017-03-30 10:18:05.537277 RoadDetector[3297:815776] update acc location: -0.064621 and -0.099274 and -0.969696
2017-03-30 10:18:05.537988 RoadDetector[3297:815776] update gyro location: 0.009622 and 0.027906 and -0.062889
2017-03-30 10:18:05.547874 RoadDetector[3297:815776] update gyro location: -0.008545 and 0.025649 and -0.041598
2017-03-30 10:18:05.551930 RoadDetector[3297:815776] update acc location: -0.056717 and -0.107391 and -0.965775
2017-03-30 10:18:05.596665 RoadDetector[3297:815776] update gyro location: -0.028873 and 0.025482 and -0.008592
2017-03-30 10:18:05.596833 RoadDetector[3297:815776] update gyro location: -0.038539 and 0.030699 and 0.018027
2017-03-30 10:18:05.600967 RoadDetector[3297:815776] update acc location: -0.050415 and -0.114151 and -0.963257
2017-03-30 10:18:05.601062 RoadDetector[3297:815776] update gyro location: -0.035393 and 0.034908 and 0.041468
2017-03-30 10:18:05.601099 RoadDetector[3297:815776] update acc location: -0.049774 and -0.108490 and -0.964767
2017-03-30 10:18:05.601132 RoadDetector[3297:815776] update gyro location: -0.036490 and 0.034857 and 0.058515
2017-03-30 10:18:05.601163 RoadDetector[3297:815776] update gyro location: -0.034343 and 0.022038 and 0.074517
2017-03-30 10:18:05.601848 RoadDetector[3297:815776] update acc location: -0.056992 and -0.100784 and -0.978241
2017-03-30 10:18:05.607887 RoadDetector[3297:815776] update gyro location: -0.031132 and 0.012430 and 0.086253
2017-03-30 10:18:05.617885 RoadDetector[3297:815776] update gyro location: -0.022573 and 0.002863 and 0.090538
2017-03-30 10:18:05.619740 RoadDetector[3297:815776] update acc location: -0.069382 and -0.088943 and -0.984650
2017-03-30 10:18:05.627792 RoadDetector[3297:815776] update gyro location: -0.011883 and -0.002418 and 0.088427
2017-03-30 10:18:05.636285 RoadDetector[3297:815776] update acc location: -0.084122 and -0.080261 and -0.984299
2017-03-30 10:18:05.637625 RoadDetector[3297:815776] update gyro location: -0.003327 and -0.004493 and 0.079916
2017-03-30 10:18:05.647821 RoadDetector[3297:815776] update gyro location: 0.002043 and -0.005488 and 0.061810
2017-03-30 10:18:05.653770 RoadDetector[3297:815776] update acc location: -0.098724 and -0.073700 and -0.980469
2017-03-30 10:18:05.658257 RoadDetector[3297:815776] update gyro location: 0.003152 and -0.008630 and 0.043701
2017-03-30 10:18:05.667706 RoadDetector[3297:815776] update gyro location: 0.005335 and -0.011757 and 0.021332
2017-03-30 10:18:05.669657 RoadDetector[3297:815776] update acc location: -0.106155 and -0.068848 and -0.979126
2017-03-30 10:18:05.677604 RoadDetector[3297:815776] update gyro location: 0.006426 and -0.010643 and 0.005349
2017-03-30 10:18:05.687722 RoadDetector[3297:815776] update acc location: -0.110733 and -0.067154 and -0.972961
2017-03-30 10:18:05.687795 RoadDetector[3297:815776] update gyro location: 0.005378 and -0.005265 and -0.014904
2017-03-30 10:18:05.697647 RoadDetector[3297:815776] update gyro location: 0.006452 and 0.000103 and -0.028761
2017-03-30 10:18:05.703576 RoadDetector[3297:815776] update acc location: -0.106644 and -0.067413 and -0.966400
2017-03-30 10:18:05.729495 RoadDetector[3297:815776] update gyro location: 0.002198 and 0.005463 and -0.046887
2017-03-30 10:18:05.729602 RoadDetector[3297:815776] update gyro location: -0.004192 and 0.010810 and -0.062885
2017-03-30 10:18:05.729657 RoadDetector[3297:815776] update acc location: -0.099716 and -0.067932 and -0.963043
2017-03-30 10:18:05.729691 RoadDetector[3297:815776] update gyro location: -0.006308 and 0.012970 and -0.076742
2017-03-30 10:18:05.737665 RoadDetector[3297:815776] update gyro location: -0.012708 and 0.019373 and -0.089545
2017-03-30 10:18:05.737740 RoadDetector[3297:815776] update acc location: -0.093384 and -0.074585 and -0.960526
2017-03-30 10:18:05.747428 RoadDetector[3297:815776] update gyro location: -0.023390 and 0.025736 and -0.093828
2017-03-30 10:18:05.757846 RoadDetector[3297:815776] update acc location: -0.084381 and -0.086639 and -0.962753
2017-03-30 10:18:05.757944 RoadDetector[3297:815776] update gyro location: -0.031940 and 0.031034 and -0.094911
2017-03-30 10:18:05.767518 RoadDetector[3297:815776] update gyro location: -0.028750 and 0.033170 and -0.092778
2017-03-30 10:18:05.771529 RoadDetector[3297:815776] update acc location: -0.074448 and -0.094254 and -0.967865
2017-03-30 10:18:05.777424 RoadDetector[3297:815776] update gyro location: -0.024499 and 0.034231 and -0.085316
2017-03-30 10:18:05.787516 RoadDetector[3297:815776] update gyro location: -0.020259 and 0.036345 and -0.073592
2017-03-30 10:18:05.789376 RoadDetector[3297:815776] update acc location: -0.063080 and -0.098877 and -0.970963
2017-03-30 10:18:05.797419 RoadDetector[3297:815776] update gyro location: -0.012836 and 0.042727 and -0.059739
2017-03-30 10:18:05.807721 RoadDetector[3297:815776] update acc location: -0.055786 and -0.104462 and -0.971542
2017-03-30 10:18:05.807811 RoadDetector[3297:815776] update gyro location: -0.015015 and 0.048001 and -0.043765
2017-03-30 10:18:05.817400 RoadDetector[3297:815776] update gyro location: -0.019287 and 0.037271 and -0.021381
2017-03-30 10:18:05.823316 RoadDetector[3297:815776] update acc location: -0.051041 and -0.107040 and -0.977386
2017-03-30 10:18:05.827269 RoadDetector[3297:815776] update gyro location: -0.020350 and 0.023354 and 0.002076
2017-03-30 10:18:05.837391 RoadDetector[3297:815776] update gyro location: -0.024617 and 0.011562 and 0.023396
2017-03-30 10:18:05.839308 RoadDetector[3297:815776] update acc location: -0.051147 and -0.108444 and -0.981949
2017-03-30 10:18:05.847296 RoadDetector[3297:815776] update gyro location: -0.019296 and 0.004066 and 0.044723
2017-03-30 10:18:05.857378 RoadDetector[3297:815776] update acc location: -0.058289 and -0.103653 and -0.979431
2017-03-30 10:18:05.857467 RoadDetector[3297:815776] update gyro location: -0.015055 and 0.002970 and 0.061778
2017-03-30 10:18:05.867189 RoadDetector[3297:815776] update gyro location: -0.008672 and 0.004036 and 0.070309
2017-03-30 10:18:05.873313 RoadDetector[3297:815776] update acc location: -0.068497 and -0.093643 and -0.973694
2017-03-30 10:18:05.877278 RoadDetector[3297:815776] update gyro location: -0.012964 and 0.009334 and 0.074559
2017-03-30 10:18:05.887142 RoadDetector[3297:815776] update gyro location: -0.015078 and 0.006145 and 0.069233
2017-03-30 10:18:05.891193 RoadDetector[3297:815776] update acc location: -0.082047 and -0.083893 and -0.974930
2017-03-30 10:18:05.897029 RoadDetector[3297:815776] update gyro location: -0.016107 and 0.001918 and 0.055385
2017-03-30 10:18:05.907295 RoadDetector[3297:815776] update gyro location: -0.016067 and -0.001231 and 0.038340
2017-03-30 10:18:05.907379 RoadDetector[3297:815776] update acc location: -0.094910 and -0.074326 and -0.978836
2017-03-30 10:18:05.917117 RoadDetector[3297:815776] update gyro location: -0.016028 and -0.002240 and 0.018097
2017-03-30 10:18:05.925048 RoadDetector[3297:815776] update acc location: -0.100082 and -0.070923 and -0.979431
2017-03-30 10:18:05.927064 RoadDetector[3297:815776] update gyro location: -0.015998 and -0.004336 and 0.005313
2017-03-30 10:18:05.937145 RoadDetector[3297:815776] update gyro location: -0.010621 and -0.009601 and -0.009591
2017-03-30 10:18:05.941081 RoadDetector[3297:815776] update acc location: -0.101776 and -0.069046 and -0.980499
2017-03-30 10:18:05.946988 RoadDetector[3297:815776] update gyro location: -0.000993 and -0.009524 and -0.024497
2017-03-30 10:18:05.957854 RoadDetector[3297:815776] update gyro location: 0.007554 and -0.005190 and -0.039409
2017-03-30 10:18:05.959024 RoadDetector[3297:815776] update acc location: -0.098755 and -0.068466 and -0.975327
2017-03-30 10:18:05.966918 RoadDetector[3297:815776] update gyro location: 0.009703 and -0.003016 and -0.052195
2017-03-30 10:18:05.975060 RoadDetector[3297:815776] update acc location: -0.092804 and -0.068802 and -0.969162
2017-03-30 10:18:05.976941 RoadDetector[3297:815776] update gyro location: 0.006494 and 0.005523 and -0.062865
2017-03-30 10:18:05.987045 RoadDetector[3297:815776] update gyro location: 0.000089 and 0.014059 and -0.076736
2017-03-30 10:18:05.993062 RoadDetector[3297:815776] update acc location: -0.088867 and -0.075760 and -0.962280
2017-03-30 10:18:05.997032 RoadDetector[3297:815776] update gyro location: -0.007399 and 0.024707 and -0.085282
2017-03-30 10:18:06.009015 RoadDetector[3297:815776] update gyro location: -0.022357 and 0.032111 and -0.086376
2017-03-30 10:18:06.009107 RoadDetector[3297:815776] update acc location: -0.079117 and -0.086273 and -0.959320
2017-03-30 10:18:06.016882 RoadDetector[3297:815776] update gyro location: -0.030931 and 0.040584 and -0.080004
2017-03-30 10:18:06.026932 RoadDetector[3297:815776] update acc location: -0.069595 and -0.098083 and -0.960892
2017-03-30 10:18:06.027010 RoadDetector[3297:815776] update gyro location: -0.035231 and 0.044800 and -0.069359
2017-03-30 10:18:06.036965 RoadDetector[3297:815776] update gyro location: -0.029943 and 0.052241 and -0.056576
2017-03-30 10:18:06.042871 RoadDetector[3297:815776] update acc location: -0.061325 and -0.106934 and -0.966263
2017-03-30 10:18:06.046871 RoadDetector[3297:815776] update gyro location: -0.024639 and 0.052214 and -0.039521
2017-03-30 10:18:06.057592 RoadDetector[3297:815776] update gyro location: -0.019325 and 0.050060 and -0.023528
2017-03-30 10:18:06.060788 RoadDetector[3297:815776] update acc location: -0.053955 and -0.109497 and -0.973862
2017-03-30 10:18:06.066688 RoadDetector[3297:815776] update gyro location: -0.022549 and 0.046799 and -0.004349
2017-03-30 10:18:06.076840 RoadDetector[3297:815776] update gyro location: -0.025752 and 0.036076 and 0.016971
2017-03-30 10:18:06.076914 RoadDetector[3297:815776] update acc location: -0.050064 and -0.108353 and -0.979919
2017-03-30 10:18:06.086798 RoadDetector[3297:815776] update gyro location: -0.023622 and 0.023231 and 0.042563
2017-03-30 10:18:06.094825 RoadDetector[3297:815776] update acc location: -0.053223 and -0.107071 and -0.984253
2017-03-30 10:18:06.096691 RoadDetector[3297:815776] update gyro location: -0.018296 and 0.012531 and 0.067090
2017-03-30 10:18:06.108604 RoadDetector[3297:815776] update gyro location: -0.007656 and 0.010384 and 0.087351
2017-03-30 10:18:06.110729 RoadDetector[3297:815776] update acc location: -0.062393 and -0.102020 and -0.979904
2017-03-30 10:18:06.116748 RoadDetector[3297:815776] update gyro location: -0.002345 and 0.013580 and 0.094812
2017-03-30 10:18:06.126636 RoadDetector[3297:815776] update gyro location: 0.001923 and 0.014667 and 0.092685
2017-03-30 10:18:06.129858 RoadDetector[3297:815776] update acc location: -0.077652 and -0.090393 and -0.975952
2017-03-30 10:18:06.136603 RoadDetector[3297:815776] update gyro location: -0.000180 and 0.010424 and 0.083098
2017-03-30 10:18:06.144762 RoadDetector[3297:815776] update acc location: -0.094116 and -0.078934 and -0.977951
2017-03-30 10:18:06.146565 RoadDetector[3297:815776] update gyro location: -0.007591 and 0.001921 and 0.066051
2017-03-30 10:18:06.173157 RoadDetector[3297:815776] update gyro location: -0.012876 and -0.003376 and 0.047937
2017-03-30 10:18:06.173254 RoadDetector[3297:815776] update acc location: -0.106445 and -0.072311 and -0.980804
2017-03-30 10:18:06.173292 RoadDetector[3297:815776] update gyro location: -0.019223 and -0.009738 and 0.028757
2017-03-30 10:18:06.176628 RoadDetector[3297:815776] update gyro location: -0.015990 and -0.006463 and 0.004250
2017-03-30 10:18:06.178520 RoadDetector[3297:815776] update acc location: -0.111115 and -0.066818 and -0.978485
2017-03-30 10:18:06.186382 RoadDetector[3297:815776] update gyro location: -0.004231 and -0.003171 and -0.014919
2017-03-30 10:18:06.196609 RoadDetector[3297:815776] update acc location: -0.108948 and -0.066452 and -0.972748
2017-03-30 10:18:06.196680 RoadDetector[3297:815776] update gyro location: 0.002197 and 0.000108 and -0.036225
2017-03-30 10:18:06.208540 RoadDetector[3297:815776] update gyro location: 0.005412 and 0.004425 and -0.052210
2017-03-30 10:18:06.212633 RoadDetector[3297:815776] update acc location: -0.100464 and -0.069824 and -0.967285
2017-03-30 10:18:06.216444 RoadDetector[3297:815776] update gyro location: 0.003285 and 0.008710 and -0.063939
2017-03-30 10:18:06.226457 RoadDetector[3297:815776] update gyro location: -0.010595 and 0.017206 and -0.073556
2017-03-30 10:18:06.230392 RoadDetector[3297:815776] update acc location: -0.091461 and -0.073639 and -0.962708
2017-03-30 10:18:06.237846 RoadDetector[3297:815776] update gyro location: -0.024453 and 0.020385 and -0.086364
2017-03-30 10:18:06.246459 RoadDetector[3297:815776] update gyro location: -0.032976 and 0.022513 and -0.097033
2017-03-30 10:18:06.246525 RoadDetector[3297:815776] update acc location: -0.083557 and -0.079956 and -0.965637
2017-03-30 10:18:06.257861 RoadDetector[3297:815776] update gyro location: -0.034030 and 0.021459 and -0.102360
2017-03-30 10:18:06.264281 RoadDetector[3297:815776] update acc location: -0.073929 and -0.084915 and -0.972656
2017-03-30 10:18:06.266299 RoadDetector[3297:815776] update gyro location: -0.031905 and 0.021452 and -0.097030
2017-03-30 10:18:06.276205 RoadDetector[3297:815776] update gyro location: -0.027674 and 0.026765 and -0.086376
2017-03-30 10:18:06.280343 RoadDetector[3297:815776] update acc location: -0.063126 and -0.092636 and -0.974564
2017-03-30 10:18:06.286301 RoadDetector[3297:815776] update gyro location: -0.017050 and 0.033158 and -0.072519
2017-03-30 10:18:06.296445 RoadDetector[3297:815776] update gyro location: -0.008552 and 0.036345 and -0.057595
2017-03-30 10:18:06.298312 RoadDetector[3297:815776] update acc location: -0.054642 and -0.101273 and -0.975296
2017-03-30 10:18:06.307383 RoadDetector[3297:815776] update gyro location: -0.006425 and 0.029918 and -0.041601
2017-03-30 10:18:06.314291 RoadDetector[3297:815776] update acc location: -0.049362 and -0.108002 and -0.977386
2017-03-30 10:18:06.316199 RoadDetector[3297:815776] update gyro location: -0.011778 and 0.023445 and -0.019223
2017-03-30 10:18:06.326239 RoadDetector[3297:815776] update gyro location: -0.018196 and 0.016970 and 0.002087
2017-03-30 10:18:06.332397 RoadDetector[3297:815776] update acc location: -0.048233 and -0.109650 and -0.980576
2017-03-30 10:18:06.336274 RoadDetector[3297:815776] update gyro location: -0.017163 and 0.013708 and 0.027665
2017-03-30 10:18:06.346233 RoadDetector[3297:815776] update gyro location: -0.007577 and 0.009436 and 0.044731
2017-03-30 10:18:06.348209 RoadDetector[3297:815776] update acc location: -0.053711 and -0.105133 and -0.979630
2017-03-30 10:18:06.362025 RoadDetector[3297:815776] update gyro location: 0.006292 and 0.003064 and 0.056477
2017-03-30 10:18:06.366196 RoadDetector[3297:815776] update acc location: -0.062286 and -0.095825 and -0.977753
2017-03-30 10:18:06.366253 RoadDetector[3297:815776] update gyro location: 0.013748 and 0.000933 and 0.067144
2017-03-30 10:18:06.376161 RoadDetector[3297:815776] update gyro location: 0.010538 and -0.000165 and 0.074600
2017-03-30 10:18:06.382224 RoadDetector[3297:815776] update acc location: -0.074097 and -0.087814 and -0.974411
2017-03-30 10:18:06.386026 RoadDetector[3297:815776] update gyro location: -0.000126 and -0.003410 and 0.077788
2017-03-30 10:18:06.396143 RoadDetector[3297:815776] update gyro location: -0.012919 and -0.003443 and 0.072444
2017-03-30 10:18:06.400116 RoadDetector[3297:815776] update acc location: -0.086731 and -0.081421 and -0.971542
2017-03-30 10:18:06.408751 RoadDetector[3297:815776] update gyro location: -0.020359 and -0.004498 and 0.058584
2017-03-30 10:18:06.416354 RoadDetector[3297:815776] update gyro location: -0.018197 and -0.002304 and 0.038339
2017-03-30 10:18:06.416442 RoadDetector[3297:815776] update acc location: -0.098846 and -0.078384 and -0.971725
2017-03-30 10:18:06.426087 RoadDetector[3297:815776] update gyro location: -0.010689 and -0.001143 and 0.013840
2017-03-30 10:18:06.434139 RoadDetector[3297:815776] update acc location: -0.107285 and -0.073181 and -0.974121
2017-03-30 10:18:06.435957 RoadDetector[3297:815776] update gyro location: -0.005331 and 0.004267 and -0.009602
2017-03-30 10:18:06.445981 RoadDetector[3297:815776] update gyro location: -0.002111 and 0.010735 and -0.033047
2017-03-30 10:18:06.450022 RoadDetector[3297:815776] update acc location: -0.107025 and -0.071518 and -0.973877
2017-03-30 10:18:06.457336 RoadDetector[3297:815776] update gyro location: 0.003242 and 0.016137 and -0.053293
2017-03-30 10:18:06.465966 RoadDetector[3297:815776] update gyro location: 0.003254 and 0.021511 and -0.070348
2017-03-30 10:18:06.467864 RoadDetector[3297:815776] update acc location: -0.099518 and -0.075729 and -0.971603
2017-03-30 10:18:06.476044 RoadDetector[3297:815776] update gyro location: -0.001003 and 0.022580 and -0.077813
2017-03-30 10:18:06.483997 RoadDetector[3297:815776] update acc location: -0.090256 and -0.082794 and -0.971817
2017-03-30 10:18:06.485847 RoadDetector[3297:815776] update gyro location: -0.005269 and 0.022567 and -0.078884
2017-03-30 10:18:06.495896 RoadDetector[3297:815776] update gyro location: -0.007416 and 0.023610 and -0.073560
2017-03-30 10:18:06.501939 RoadDetector[3297:815776] update acc location: -0.077530 and -0.094147 and -0.969498
2017-03-30 10:18:06.507552 RoadDetector[3297:815776] update gyro location: -0.014916 and 0.027814 and -0.062920
2017-03-30 10:18:06.515871 RoadDetector[3297:815776] update gyro location: -0.020265 and 0.022418 and -0.044806
2017-03-30 10:18:06.517808 RoadDetector[3297:815776] update acc location: -0.065414 and -0.104797 and -0.970108
2017-03-30 10:18:06.525843 RoadDetector[3297:815776] update gyro location: -0.026689 and 0.019145 and -0.025630
2017-03-30 10:18:06.535814 RoadDetector[3297:815776] update acc location: -0.058533 and -0.111816 and -0.972672
2017-03-30 10:18:06.535890 RoadDetector[3297:815776] update gyro location: -0.023503 and 0.012710 and -0.005373
2017-03-30 10:18:06.545758 RoadDetector[3297:815776] update gyro location: -0.021396 and 0.011606 and 0.011680
2017-03-30 10:18:06.551859 RoadDetector[3297:815776] update acc location: -0.059036 and -0.107391 and -0.972168
2017-03-30 10:18:06.558680 RoadDetector[3297:815776] update gyro location: -0.011804 and 0.007343 and 0.025549
2017-03-30 10:18:06.565716 RoadDetector[3297:815776] update gyro location: -0.010758 and 0.008385 and 0.035139
2017-03-30 10:18:06.569647 RoadDetector[3297:815776] update acc location: -0.066925 and -0.098969 and -0.973801
2017-03-30 10:18:06.575688 RoadDetector[3297:815776] update gyro location: -0.009693 and 0.008387 and 0.036205
2017-03-30 10:18:06.585696 RoadDetector[3297:815776] update gyro location: -0.012888 and 0.009454 and 0.030872
2017-03-30 10:18:06.585767 RoadDetector[3297:815776] update acc location: -0.081879 and -0.090820 and -0.972763
2017-03-30 10:18:06.595733 RoadDetector[3297:815776] update gyro location: -0.015012 and 0.009461 and 0.025542
2017-03-30 10:18:06.603561 RoadDetector[3297:815776] update acc location: -0.090149 and -0.085983 and -0.975281
2017-03-30 10:18:06.609175 RoadDetector[3297:815776] update gyro location: -0.025666 and 0.009445 and 0.017005
2017-03-30 10:18:06.615572 RoadDetector[3297:815776] update gyro location: -0.026697 and 0.004144 and 0.006355
2017-03-30 10:18:06.619587 RoadDetector[3297:815776] update acc location: -0.094894 and -0.083084 and -0.976959
2017-03-30 10:18:06.625565 RoadDetector[3297:815776] update gyro location: -0.026683 and 0.007377 and -0.007501
2017-03-30 10:18:06.635590 RoadDetector[3297:815776] update gyro location: -0.024525 and 0.005281 and -0.017086
2017-03-30 10:18:06.637508 RoadDetector[3297:815776] update acc location: -0.094391 and -0.082230 and -0.977448
2017-03-30 10:18:06.645548 RoadDetector[3297:815776] update gyro location: -0.022371 and -0.000031 and -0.019208
2017-03-30 10:18:06.653580 RoadDetector[3297:815776] update acc location: -0.092163 and -0.084854 and -0.977707
2017-03-30 10:18:06.659617 RoadDetector[3297:815776] update gyro location: -0.015975 and 0.001055 and -0.018135
2017-03-30 10:18:06.665494 RoadDetector[3297:815776] update gyro location: -0.005316 and 0.004291 and -0.018126
2017-03-30 10:18:06.671419 RoadDetector[3297:815776] update acc location: -0.088791 and -0.085342 and -0.974167
2017-03-30 10:18:06.675464 RoadDetector[3297:815776] update gyro location: -0.001049 and 0.004307 and -0.018121
2017-03-30 10:18:06.685422 RoadDetector[3297:815776] update gyro location: -0.004256 and 0.007497 and -0.020260
2017-03-30 10:18:06.687494 RoadDetector[3297:815776] update acc location: -0.085007 and -0.082962 and -0.969055
2017-03-30 10:18:06.695436 RoadDetector[3297:815776] update gyro location: -0.008535 and 0.014958 and -0.027733
2017-03-30 10:18:06.705401 RoadDetector[3297:815776] update acc location: -0.083267 and -0.082520 and -0.963165
2017-03-30 10:18:06.707485 RoadDetector[3297:815776] update gyro location: -0.021365 and 0.029856 and -0.039489
2017-03-30 10:18:06.715495 RoadDetector[3297:815776] update gyro location: -0.030973 and 0.037306 and -0.050165
2017-03-30 10:18:06.721434 RoadDetector[3297:815776] update acc location: -0.081375 and -0.085022 and -0.964005
2017-03-30 10:18:06.725361 RoadDetector[3297:815776] update gyro location: -0.037348 and 0.034110 and -0.058693
2017-03-30 10:18:06.735358 RoadDetector[3297:815776] update gyro location: -0.038401 and 0.031987 and -0.062954
2017-03-30 10:18:06.739350 RoadDetector[3297:815776] update acc location: -0.077042 and -0.091324 and -0.973923
2017-03-30 10:18:06.745362 RoadDetector[3297:815776] update gyro location: -0.028810 and 0.033076 and -0.058681
2017-03-30 10:18:06.755455 RoadDetector[3297:815776] update gyro location: -0.014984 and 0.040556 and -0.048018
2017-03-30 10:18:06.766439 RoadDetector[3297:815776] update acc location: -0.069336 and -0.096725 and -0.975754
2017-03-30 10:18:06.766799 RoadDetector[3297:815776] update gyro location: -0.005417 and 0.043750 and -0.034158
2017-03-30 10:18:06.773218 RoadDetector[3297:815776] update acc location: -0.063843 and -0.103912 and -0.976074
2017-03-30 10:18:06.775286 RoadDetector[3297:815776] update gyro location: 0.000958 and 0.041590 and -0.014968
2017-03-30 10:18:06.785151 RoadDetector[3297:815776] update gyro location: -0.008680 and 0.040428 and 0.007397
2017-03-30 10:18:06.789191 RoadDetector[3297:815776] update acc location: -0.060806 and -0.106674 and -0.973267
2017-03-30 10:18:06.795222 RoadDetector[3297:815776] update gyro location: -0.018304 and 0.031790 and 0.036165
2017-03-30 10:18:06.805186 RoadDetector[3297:815776] update gyro location: -0.029014 and 0.031686 and 0.059594
2017-03-30 10:18:06.810628 RoadDetector[3297:815776] update acc location: -0.061493 and -0.109726 and -0.968384
2017-03-30 10:18:06.815183 RoadDetector[3297:815776] update gyro location: -0.037580 and 0.033747 and 0.073432
2017-03-30 10:18:06.826046 RoadDetector[3297:815776] update acc location: -0.068665 and -0.099976 and -0.967651
2017-03-30 10:18:06.826145 RoadDetector[3297:815776] update gyro location: -0.036503 and 0.029484 and 0.075570
2017-03-30 10:18:06.835203 RoadDetector[3297:815776] update gyro location: -0.037544 and 0.020955 and 0.076645
2017-03-30 10:18:06.841237 RoadDetector[3297:815776] update acc location: -0.081055 and -0.090942 and -0.974777
2017-03-30 10:18:06.845051 RoadDetector[3297:815776] update gyro location: -0.039663 and 0.018828 and 0.072383
2017-03-30 10:18:06.855149 RoadDetector[3297:815776] update gyro location: -0.039641 and 0.016721 and 0.063861
2017-03-30 10:18:06.857257 RoadDetector[3297:815776] update acc location: -0.093170 and -0.083221 and -0.980576
2017-03-30 10:18:06.865179 RoadDetector[3297:815776] update gyro location: -0.034270 and 0.013586 and 0.048954
2017-03-30 10:18:06.875027 RoadDetector[3297:815776] update acc location: -0.103485 and -0.077759 and -0.987228
2017-03-30 10:18:06.875106 RoadDetector[3297:815776] update gyro location: -0.024623 and 0.008339 and 0.032990
2017-03-30 10:18:06.885126 RoadDetector[3297:815776] update gyro location: -0.013905 and 0.004174 and 0.012764
2017-03-30 10:18:06.891140 RoadDetector[3297:815776] update acc location: -0.109100 and -0.073013 and -0.990250
2017-03-30 10:18:06.894944 RoadDetector[3297:815776] update gyro location: -0.002115 and -0.001050 and -0.008526
2017-03-30 10:18:06.905003 RoadDetector[3297:815776] update gyro location: 0.005414 and -0.009491 and -0.027685
2017-03-30 10:18:06.908855 RoadDetector[3297:815776] update acc location: -0.107498 and -0.070114 and -0.987381
2017-03-30 10:18:06.914904 RoadDetector[3297:815776] update gyro location: 0.011850 and -0.011554 and -0.043657
2017-03-30 10:18:06.925864 RoadDetector[3297:815776] update gyro location: 0.015084 and -0.017913 and -0.051104
2017-03-30 10:18:06.925957 RoadDetector[3297:815776] update acc location: -0.100891 and -0.072632 and -0.977631
2017-03-30 10:18:06.935114 RoadDetector[3297:815776] update gyro location: 0.009744 and -0.013660 and -0.055378
2017-03-30 10:18:06.943187 RoadDetector[3297:815776] update acc location: -0.090714 and -0.076950 and -0.962769
2017-03-30 10:18:06.944955 RoadDetector[3297:815776] update gyro location: 0.001166 and 0.001230 and -0.058604
2017-03-30 10:18:06.954819 RoadDetector[3297:815776] update gyro location: -0.010604 and 0.013981 and -0.062897
2017-03-30 10:18:06.958852 RoadDetector[3297:815776] update acc location: -0.083008 and -0.078812 and -0.953049
2017-03-30 10:18:06.964799 RoadDetector[3297:815776] update gyro location: -0.023445 and 0.028862 and -0.068259
2017-03-30 10:18:06.974897 RoadDetector[3297:815776] update gyro location: -0.039466 and 0.038410 and -0.075750
2017-03-30 10:18:06.976738 RoadDetector[3297:815776] update acc location: -0.076874 and -0.085114 and -0.951584
2017-03-30 10:18:06.984843 RoadDetector[3297:815776] update gyro location: -0.053352 and 0.045826 and -0.080039
2017-03-30 10:18:06.992809 RoadDetector[3297:815776] update acc location: -0.071640 and -0.092712 and -0.964859
2017-03-30 10:18:06.994736 RoadDetector[3297:815776] update gyro location: -0.061883 and 0.045800 and -0.082180
2017-03-30 10:18:07.004784 RoadDetector[3297:815776] update gyro location: -0.061879 and 0.042596 and -0.078980
2017-03-30 10:18:07.010839 RoadDetector[3297:815776] update acc location: -0.063950 and -0.099777 and -0.980484
2017-03-30 10:18:07.014728 RoadDetector[3297:815776] update gyro location: -0.049076 and 0.037291 and -0.069367
2017-03-30 10:18:07.024737 RoadDetector[3297:815776] update gyro location: -0.024558 and 0.037351 and -0.057616
2017-03-30 10:18:07.026651 RoadDetector[3297:815776] update acc location: -0.059738 and -0.104004 and -0.987396
2017-03-30 10:18:07.034796 RoadDetector[3297:815776] update gyro location: -0.001120 and 0.039528 and -0.042672
2017-03-30 10:18:07.044749 RoadDetector[3297:815776] update acc location: -0.054199 and -0.103577 and -0.980530
2017-03-30 10:18:07.044830 RoadDetector[3297:815776] update gyro location: 0.009507 and 0.039503 and -0.019217
2017-03-30 10:18:07.054729 RoadDetector[3297:815776] update gyro location: 0.006272 and 0.034083 and 0.010621
2017-03-30 10:18:07.060590 RoadDetector[3297:815776] update acc location: -0.052155 and -0.108490 and -0.978119
2017-03-30 10:18:07.064789 RoadDetector[3297:815776] update gyro location: -0.001216 and 0.028670 and 0.031929
2017-03-30 10:18:07.074596 RoadDetector[3297:815776] update gyro location: -0.017227 and 0.021104 and 0.050032
2017-03-30 10:18:07.078600 RoadDetector[3297:815776] update acc location: -0.056229 and -0.104324 and -0.972046
2017-03-30 10:18:07.084537 RoadDetector[3297:815776] update gyro location: -0.032188 and 0.017796 and 0.070262
2017-03-30 10:18:07.094625 RoadDetector[3297:815776] update gyro location: -0.042882 and 0.019858 and 0.080902
2017-03-30 10:18:07.094695 RoadDetector[3297:815776] update acc location: -0.064941 and -0.100235 and -0.968674
2017-03-30 10:18:07.104571 RoadDetector[3297:815776] update gyro location: -0.048219 and 0.017692 and 0.086225
2017-03-30 10:18:07.112559 RoadDetector[3297:815776] update acc location: -0.076828 and -0.090485 and -0.970001
2017-03-30 10:18:07.114467 RoadDetector[3297:815776] update gyro location: -0.045028 and 0.021971 and 0.084093
2017-03-30 10:18:07.124484 RoadDetector[3297:815776] update gyro location: -0.043966 and 0.027322 and 0.076629
2017-03-30 10:18:07.128508 RoadDetector[3297:815776] update acc location: -0.089584 and -0.079544 and -0.975479
2017-03-30 10:18:07.134397 RoadDetector[3297:815776] update gyro location: -0.036467 and 0.024187 and 0.064921
2017-03-30 10:18:07.144311 RoadDetector[3297:815776] update gyro location: -0.028949 and 0.020009 and 0.044691
2017-03-30 10:18:07.146359 RoadDetector[3297:815776] update acc location: -0.100189 and -0.069611 and -0.981964
2017-03-30 10:18:07.154465 RoadDetector[3297:815776] update gyro location: -0.017152 and 0.012655 and 0.023404
2017-03-30 10:18:07.162670 RoadDetector[3297:815776] update acc location: -0.103104 and -0.063309 and -0.986252
2017-03-30 10:18:07.164364 RoadDetector[3297:815776] update gyro location: -0.009635 and 0.009548 and 0.001042
2017-03-30 10:18:07.174427 RoadDetector[3297:815776] update gyro location: -0.003198 and 0.010699 and -0.021328
2017-03-30 10:18:07.180315 RoadDetector[3297:815776] update acc location: -0.105362 and -0.064255 and -0.981918
2017-03-30 10:18:07.184397 RoadDetector[3297:815776] update gyro location: -0.001032 and 0.013970 and -0.045836
2017-03-30 10:18:07.194328 RoadDetector[3297:815776] update gyro location: 0.002222 and 0.008712 and -0.066071
2017-03-30 10:18:07.197790 RoadDetector[3297:815776] update acc location: -0.101212 and -0.073242 and -0.976562
2017-03-30 10:18:07.204244 RoadDetector[3297:815776] update gyro location: 0.003302 and 0.011950 and -0.079925
2017-03-30 10:18:07.214433 RoadDetector[3297:815776] update acc location: -0.091629 and -0.085251 and -0.967316
2017-03-30 10:18:07.214503 RoadDetector[3297:815776] update gyro location: -0.002038 and 0.017274 and -0.086332
2017-03-30 10:18:07.224257 RoadDetector[3297:815776] update gyro location: -0.007415 and 0.026823 and -0.079957
2017-03-30 10:18:07.230332 RoadDetector[3297:815776] update acc location: -0.078430 and -0.094009 and -0.963074
2017-03-30 10:18:07.234256 RoadDetector[3297:815776] update gyro location: -0.012774 and 0.029976 and -0.071444
2017-03-30 10:18:07.245021 RoadDetector[3297:815776] update gyro location: -0.020274 and 0.030969 and -0.055472
2017-03-30 10:18:07.251113 RoadDetector[3297:815776] update acc location: -0.066116 and -0.099960 and -0.963486
2017-03-30 10:18:07.254345 RoadDetector[3297:815776] update gyro location: -0.021372 and 0.031986 and -0.039491
2017-03-30 10:18:07.264298 RoadDetector[3297:815776] update gyro location: -0.026733 and 0.030854 and -0.022448
2017-03-30 10:18:07.264371 RoadDetector[3297:815776] update acc location: -0.059799 and -0.101578 and -0.965317
2017-03-30 10:18:07.274184 RoadDetector[3297:815776] update gyro location: -0.036365 and 0.028629 and -0.001147
2017-03-30 10:18:07.282087 RoadDetector[3297:815776] update acc location: -0.057938 and -0.103394 and -0.968231
2017-03-30 10:18:07.284090 RoadDetector[3297:815776] update gyro location: -0.044939 and 0.027465 and 0.023351
2017-03-30 10:18:07.294139 RoadDetector[3297:815776] update gyro location: -0.044958 and 0.026364 and 0.036139
2017-03-30 10:18:07.298097 RoadDetector[3297:815776] update acc location: -0.063141 and -0.100922 and -0.972488
2017-03-30 10:18:07.304430 RoadDetector[3297:815776] update gyro location: -0.037505 and 0.026369 and 0.044672
2017-03-30 10:18:07.314094 RoadDetector[3297:815776] update gyro location: -0.027897 and 0.023203 and 0.046819
2017-03-30 10:18:07.316248 RoadDetector[3297:815776] update acc location: -0.071442 and -0.094193 and -0.977020
2017-03-30 10:18:07.324065 RoadDetector[3297:815776] update gyro location: -0.026814 and 0.018949 and 0.045761
2017-03-30 10:18:07.332169 RoadDetector[3297:815776] update acc location: -0.081787 and -0.091644 and -0.981400
2017-03-30 10:18:07.333993 RoadDetector[3297:815776] update gyro location: -0.025729 and 0.015769 and 0.041504
2017-03-30 10:18:07.344169 RoadDetector[3297:815776] update gyro location: -0.022490 and 0.007276 and 0.035125
2017-03-30 10:18:07.350099 RoadDetector[3297:815776] update acc location: -0.089981 and -0.085846 and -0.981964
2017-03-30 10:18:07.354052 RoadDetector[3297:815776] update gyro location: -0.017136 and 0.004115 and 0.029808
2017-03-30 10:18:07.364074 RoadDetector[3297:815776] update gyro location: -0.017135 and 0.007328 and 0.023411
2017-03-30 10:18:07.365944 RoadDetector[3297:815776] update acc location: -0.097321 and -0.078339 and -0.972687
2017-03-30 10:18:07.374006 RoadDetector[3297:815776] update gyro location: -0.016089 and 0.019077 and 0.013808
2017-03-30 10:18:07.384081 RoadDetector[3297:815776] update acc location: -0.097549 and -0.068710 and -0.962799
2017-03-30 10:18:07.384160 RoadDetector[3297:815776] update gyro location: -0.017169 and 0.029761 and 0.001007
2017-03-30 10:18:07.394011 RoadDetector[3297:815776] update gyro location: -0.021445 and 0.040438 and -0.013929
2017-03-30 10:18:07.399963 RoadDetector[3297:815776] update acc location: -0.096176 and -0.062927 and -0.961151
2017-03-30 10:18:07.403859 RoadDetector[3297:815776] update gyro location: -0.018228 and 0.044758 and -0.030979
2017-03-30 10:18:07.413882 RoadDetector[3297:815776] update gyro location: -0.012876 and 0.050160 and -0.051224
2017-03-30 10:18:07.417799 RoadDetector[3297:815776] update acc location: -0.094025 and -0.060593 and -0.964661
2017-03-30 10:18:07.423853 RoadDetector[3297:815776] update gyro location: -0.011789 and 0.054478 and -0.070408
2017-03-30 10:18:07.433870 RoadDetector[3297:815776] update gyro location: -0.012848 and 0.055557 and -0.076803
2017-03-30 10:18:07.433955 RoadDetector[3297:815776] update acc location: -0.087250 and -0.068146 and -0.974030
2017-03-30 10:18:07.443661 RoadDetector[3297:815776] update gyro location: -0.023523 and 0.058718 and -0.078952
2017-03-30 10:18:07.451660 RoadDetector[3297:815776] update acc location: -0.077133 and -0.083160 and -0.981400
2017-03-30 10:18:07.453566 RoadDetector[3297:815776] update gyro location: -0.027802 and 0.060827 and -0.076829
2017-03-30 10:18:07.463587 RoadDetector[3297:815776] update gyro location: -0.023521 and 0.054440 and -0.072553
2017-03-30 10:18:07.467538 RoadDetector[3297:815776] update acc location: -0.068100 and -0.099747 and -0.989136
2017-03-30 10:18:07.473715 RoadDetector[3297:815776] update gyro location: -0.014969 and 0.041651 and -0.058675
2017-03-30 10:18:07.483415 RoadDetector[3297:815776] update gyro location: -0.008584 and 0.035224 and -0.037348
2017-03-30 10:18:07.485543 RoadDetector[3297:815776] update acc location: -0.057663 and -0.113297 and -0.988358
2017-03-30 10:18:07.493421 RoadDetector[3297:815776] update gyro location: -0.002247 and 0.040501 and -0.010709
2017-03-30 10:18:07.501750 RoadDetector[3297:815776] update acc location: -0.047653 and -0.120209 and -0.977753
2017-03-30 10:18:07.503463 RoadDetector[3297:815776] update gyro location: 0.003006 and 0.050030 and 0.018055
2017-03-30 10:18:07.513456 RoadDetector[3297:815776] update gyro location: 0.007211 and 0.053159 and 0.047892
2017-03-30 10:18:07.519428 RoadDetector[3297:815776] update acc location: -0.046738 and -0.115952 and -0.970963
2017-03-30 10:18:07.523477 RoadDetector[3297:815776] update gyro location: 0.005033 and 0.054152 and 0.071329
2017-03-30 10:18:07.533330 RoadDetector[3297:815776] update gyro location: -0.003506 and 0.047691 and 0.085179
2017-03-30 10:18:07.535274 RoadDetector[3297:815776] update acc location: -0.051407 and -0.105057 and -0.970551
2017-03-30 10:18:07.543467 RoadDetector[3297:815776] update gyro location: -0.016297 and 0.039094 and 0.094763
2017-03-30 10:18:07.553228 RoadDetector[3297:815776] update acc location: -0.065079 and -0.088623 and -0.968918
2017-03-30 10:18:07.553390 RoadDetector[3297:815776] update gyro location: -0.035499 and 0.036883 and 0.097938
2017-03-30 10:18:07.563018 RoadDetector[3297:815776] update gyro location: -0.051486 and 0.033636 and 0.094726
2017-03-30 10:18:07.569237 RoadDetector[3297:815776] update acc location: -0.081161 and -0.079178 and -0.971725
2017-03-30 10:18:07.573168 RoadDetector[3297:815776] update gyro location: -0.057853 and 0.030454 and 0.080870
2017-03-30 10:18:07.583146 RoadDetector[3297:815776] update gyro location: -0.055678 and 0.029456 and 0.059563
2017-03-30 10:18:07.587077 RoadDetector[3297:815776] update acc location: -0.097656 and -0.069031 and -0.977615
2017-03-30 10:18:07.593179 RoadDetector[3297:815776] update gyro location: -0.048157 and 0.026355 and 0.035069
2017-03-30 10:18:07.603261 RoadDetector[3297:815776] update gyro location: -0.037437 and 0.021122 and 0.015910
2017-03-30 10:18:07.603495 RoadDetector[3297:815776] update acc location: -0.106766 and -0.063660 and -0.984619
2017-03-30 10:18:07.613411 RoadDetector[3297:815776] update gyro location: -0.024613 and 0.026557 and -0.006457
2017-03-30 10:18:07.621707 RoadDetector[3297:815776] update acc location: -0.105942 and -0.060852 and -0.982101
2017-03-30 10:18:07.626181 RoadDetector[3297:815776] update gyro location: -0.016055 and 0.030909 and -0.027762
2017-03-30 10:18:07.633256 RoadDetector[3297:815776] update gyro location: -0.008574 and 0.037381 and -0.046941
2017-03-30 10:18:07.637218 RoadDetector[3297:815776] update acc location: -0.095718 and -0.062256 and -0.977051
2017-03-30 10:18:07.643376 RoadDetector[3297:815776] update gyro location: -0.006404 and 0.035306 and -0.063984
2017-03-30 10:18:07.653221 RoadDetector[3297:815776] update gyro location: -0.008496 and 0.030009 and -0.077832
2017-03-30 10:18:07.655457 RoadDetector[3297:815776] update acc location: -0.080795 and -0.062500 and -0.974899
2017-03-30 10:18:07.663244 RoadDetector[3297:815776] update gyro location: -0.014866 and 0.026822 and -0.089557
2017-03-30 10:18:07.671354 RoadDetector[3297:815776] update acc location: -0.069382 and -0.067795 and -0.972427
2017-03-30 10:18:07.672781 RoadDetector[3297:815776] update gyro location: -0.018064 and 0.028955 and -0.094891
2017-03-30 10:18:07.683382 RoadDetector[3297:815776] update gyro location: -0.022338 and 0.032141 and -0.097031
2017-03-30 10:18:07.691363 RoadDetector[3297:815776] update acc location: -0.063293 and -0.080414 and -0.975464
2017-03-30 10:18:07.692976 RoadDetector[3297:815776] update gyro location: -0.024488 and 0.035320 and -0.093841
2017-03-30 10:18:07.703080 RoadDetector[3297:815776] update gyro location: -0.020234 and 0.034244 and -0.084245
2017-03-30 10:18:07.705545 RoadDetector[3297:815776] update acc location: -0.056244 and -0.096497 and -0.976410
2017-03-30 10:18:07.712815 RoadDetector[3297:815776] update gyro location: -0.013873 and 0.037417 and -0.067192
2017-03-30 10:18:07.726798 RoadDetector[3297:815776] update acc location: -0.049881 and -0.107162 and -0.975189
2017-03-30 10:18:07.727288 RoadDetector[3297:815776] update gyro location: -0.004320 and 0.041658 and -0.046941
2017-03-30 10:18:07.732675 RoadDetector[3297:815776] update gyro location: 0.000961 and 0.048020 and -0.028828
2017-03-30 10:18:07.739012 RoadDetector[3297:815776] update acc location: -0.042252 and -0.106659 and -0.971085
2017-03-30 10:18:07.742930 RoadDetector[3297:815776] update gyro location: -0.001218 and 0.050081 and -0.006457
2017-03-30 10:18:07.752440 RoadDetector[3297:815776] update gyro location: -0.008718 and 0.050003 and 0.011648
2017-03-30 10:18:07.756496 RoadDetector[3297:815776] update acc location: -0.038284 and -0.104599 and -0.969101
2017-03-30 10:18:07.762074 RoadDetector[3297:815776] update gyro location: -0.021535 and 0.044579 and 0.029752
2017-03-30 10:18:07.774847 RoadDetector[3297:815776] update gyro location: -0.033257 and 0.030637 and 0.047869
2017-03-30 10:18:07.776017 RoadDetector[3297:815776] update acc location: -0.040466 and -0.100983 and -0.976700
2017-03-30 10:18:07.782151 RoadDetector[3297:815776] update gyro location: -0.041778 and 0.018849 and 0.061725
2017-03-30 10:18:07.790802 RoadDetector[3297:815776] update acc location: -0.046844 and -0.095245 and -0.985458
2017-03-30 10:18:07.792387 RoadDetector[3297:815776] update gyro location: -0.038567 and 0.009241 and 0.073462
2017-03-30 10:18:07.802236 RoadDetector[3297:815776] update gyro location: -0.024698 and 0.006080 and 0.079876
2017-03-30 10:18:07.807400 RoadDetector[3297:815776] update acc location: -0.059219 and -0.089005 and -0.988297
2017-03-30 10:18:07.812138 RoadDetector[3297:815776] update gyro location: -0.008682 and 0.001879 and 0.079901
2017-03-30 10:18:07.843958 RoadDetector[3297:815776] update gyro location: 0.005202 and -0.000188 and 0.075659
2017-03-30 10:18:07.846412 RoadDetector[3297:815776] update acc location: -0.073593 and -0.082001 and -0.987534
2017-03-30 10:18:07.847097 RoadDetector[3297:815776] update gyro location: 0.011620 and -0.001209 and 0.068210
2017-03-30 10:18:07.847483 RoadDetector[3297:815776] update acc location: -0.087067 and -0.076157 and -0.983734
2017-03-30 10:18:07.848251 RoadDetector[3297:815776] update gyro location: 0.008445 and -0.003322 and 0.057553
2017-03-30 10:18:07.851871 RoadDetector[3297:815776] update gyro location: 0.001010 and -0.005440 and 0.042629
2017-03-30 10:18:07.858664 RoadDetector[3297:815776] update acc location: -0.095016 and -0.070816 and -0.977356
2017-03-30 10:18:07.861689 RoadDetector[3297:815776] update gyro location: -0.003221 and -0.005397 and 0.021313
2017-03-30 10:18:07.871861 RoadDetector[3297:815776] update gyro location: -0.006368 and -0.009608 and -0.001062
2017-03-30 10:18:07.873636 RoadDetector[3297:815776] update acc location: -0.097107 and -0.065430 and -0.973328
2017-03-30 10:18:07.882157 RoadDetector[3297:815776] update gyro location: -0.008472 and -0.007427 and -0.022377
2017-03-30 10:18:07.892447 RoadDetector[3297:815776] update acc location: -0.093140 and -0.064941 and -0.969421
2017-03-30 10:18:07.892717 RoadDetector[3297:815776] update gyro location: -0.009526 and -0.003129 and -0.037302
2017-03-30 10:18:07.900970 RoadDetector[3297:815776] update gyro location: -0.016996 and 0.004335 and -0.050107
2017-03-30 10:18:07.907086 RoadDetector[3297:815776] update acc location: -0.087280 and -0.069031 and -0.967392
2017-03-30 10:18:07.911385 RoadDetector[3297:815776] update gyro location: -0.020193 and 0.009681 and -0.061838
2017-03-30 10:18:07.921076 RoadDetector[3297:815776] update gyro location: -0.019118 and 0.013982 and -0.074628
2017-03-30 10:18:07.925298 RoadDetector[3297:815776] update acc location: -0.082520 and -0.076859 and -0.970306
2017-03-30 10:18:07.931048 RoadDetector[3297:815776] update gyro location: -0.014843 and 0.016152 and -0.083150
2017-03-30 10:18:07.941226 RoadDetector[3297:815776] update gyro location: -0.010583 and 0.020437 and -0.086347
2017-03-30 10:18:07.941508 RoadDetector[3297:815776] update acc location: -0.075577 and -0.085297 and -0.974289
2017-03-30 10:18:07.950944 RoadDetector[3297:815776] update gyro location: -0.010585 and 0.020434 and -0.085281
2017-03-30 10:18:07.958794 RoadDetector[3297:815776] update acc location: -0.063782 and -0.094833 and -0.975449
2017-03-30 10:18:07.960771 RoadDetector[3297:815776] update gyro location: -0.012745 and 0.019314 and -0.068234
2017-03-30 10:18:07.970510 RoadDetector[3297:815776] update gyro location: -0.018116 and 0.017096 and -0.043731
2017-03-30 10:18:07.974663 RoadDetector[3297:815776] update acc location: -0.049850 and -0.104095 and -0.973404
2017-03-30 10:18:07.980470 RoadDetector[3297:815776] update gyro location: -0.019238 and 0.019147 and -0.016031
2017-03-30 10:18:07.990486 RoadDetector[3297:815776] update gyro location: -0.011811 and 0.019110 and 0.007420
2017-03-30 10:18:07.992340 RoadDetector[3297:815776] update acc location: -0.041397 and -0.105392 and -0.970795
2017-03-30 10:18:08.000483 RoadDetector[3297:815776] update gyro location: -0.002242 and 0.020165 and 0.024479
2017-03-30 10:18:08.008397 RoadDetector[3297:815776] update acc location: -0.049255 and -0.110703 and -0.969131
2017-03-30 10:18:08.010434 RoadDetector[3297:815776] update gyro location: 0.005203 and 0.020157 and 0.037275
2017-03-30 10:18:08.020278 RoadDetector[3297:815776] update gyro location: 0.002028 and 0.008407 and 0.044744
2017-03-30 10:18:08.026268 RoadDetector[3297:815776] update acc location: -0.063187 and -0.119034 and -0.973846
2017-03-30 10:18:08.030130 RoadDetector[3297:815776] update gyro location: 0.003242 and -0.044893 and 0.059730
2017-03-30 10:18:08.040087 RoadDetector[3297:815776] update gyro location: 0.025958 and -0.154602 and 0.085467
2017-03-30 10:18:08.042045 RoadDetector[3297:815776] update acc location: -0.064545 and -0.123047 and -1.025589
2017-03-30 10:18:08.049918 RoadDetector[3297:815776] update gyro location: 0.088266 and -0.313229 and 0.134758
2017-03-30 10:18:08.060032 RoadDetector[3297:815776] update acc location: -0.042343 and -0.127411 and -1.084686
2017-03-30 10:18:08.060203 RoadDetector[3297:815776] update gyro location: 0.163185 and -0.416433 and 0.190388
2017-03-30 10:18:08.070143 RoadDetector[3297:815776] update gyro location: 0.269747 and -0.411945 and 0.253382
2017-03-30 10:18:08.075858 RoadDetector[3297:815776] update acc location: -0.043854 and -0.120529 and -1.061111
2017-03-30 10:18:08.079725 RoadDetector[3297:815776] update gyro location: 0.362158 and -0.315873 and 0.307720
2017-03-30 10:18:08.089737 RoadDetector[3297:815776] update gyro location: 0.451608 and -0.264405 and 0.307768
2017-03-30 10:18:08.093929 RoadDetector[3297:815776] update acc location: -0.063263 and -0.096313 and -1.036591
2017-03-30 10:18:08.099583 RoadDetector[3297:815776] update gyro location: 0.520009 and -0.284301 and 0.275912
2017-03-30 10:18:08.109774 RoadDetector[3297:815776] update gyro location: 0.565042 and -0.329820 and 0.232339
2017-03-30 10:18:08.109920 RoadDetector[3297:815776] update acc location: -0.081573 and -0.073532 and -1.029709
2017-03-30 10:18:08.119595 RoadDetector[3297:815776] update gyro location: 0.566298 and -0.366995 and 0.194028
2017-03-30 10:18:08.127606 RoadDetector[3297:815776] update acc location: -0.111008 and -0.073776 and -0.985779
2017-03-30 10:18:08.129610 RoadDetector[3297:815776] update gyro location: 0.530060 and -0.358509 and 0.157744
2017-03-30 10:18:08.139375 RoadDetector[3297:815776] update gyro location: 0.463061 and -0.416244 and 0.142814
2017-03-30 10:18:08.143418 RoadDetector[3297:815776] update acc location: -0.142914 and -0.093658 and -0.942184
2017-03-30 10:18:08.149389 RoadDetector[3297:815776] update gyro location: 0.369832 and -0.289825 and 0.142540
2017-03-30 10:18:08.159299 RoadDetector[3297:815776] update gyro location: 0.249118 and -0.235918 and 0.131666
2017-03-30 10:18:08.161207 RoadDetector[3297:815776] update acc location: -0.122070 and -0.088135 and -0.888855
2017-03-30 10:18:08.169372 RoadDetector[3297:815776] update gyro location: 0.139104 and -0.187278 and 0.113354
2017-03-30 10:18:08.177454 RoadDetector[3297:815776] update acc location: -0.155609 and -0.103699 and -0.909286
2017-03-30 10:18:08.179107 RoadDetector[3297:815776] update gyro location: 0.068612 and -0.152332 and 0.092977
2017-03-30 10:18:08.189170 RoadDetector[3297:815776] update gyro location: 0.038644 and -0.110837 and 0.070511
2017-03-30 10:18:08.195062 RoadDetector[3297:815776] update acc location: -0.160141 and -0.103424 and -0.926727
2017-03-30 10:18:08.199000 RoadDetector[3297:815776] update gyro location: 0.026808 and -0.074636 and 0.060862
2017-03-30 10:18:08.209024 RoadDetector[3297:815776] update gyro location: 0.020400 and -0.071458 and 0.058719
2017-03-30 10:18:08.210915 RoadDetector[3297:815776] update acc location: -0.157211 and -0.109283 and -0.947845
2017-03-30 10:18:08.219008 RoadDetector[3297:815776] update gyro location: 0.013043 and -0.117351 and 0.080077
2017-03-30 10:18:08.228932 RoadDetector[3297:815776] update acc location: -0.133728 and -0.128876 and -0.986603
2017-03-30 10:18:08.229039 RoadDetector[3297:815776] update gyro location: 0.000480 and -0.219811 and 0.133466
2017-03-30 10:18:08.238831 RoadDetector[3297:815776] update gyro location: -0.037791 and -0.311822 and 0.226233
2017-03-30 10:18:08.244858 RoadDetector[3297:815776] update acc location: -0.126450 and -0.167938 and -1.010712
2017-03-30 10:18:08.248817 RoadDetector[3297:815776] update gyro location: 0.048294 and -0.255271 and 0.310448
2017-03-30 10:18:08.258701 RoadDetector[3297:815776] update gyro location: 0.194660 and -0.316500 and 0.307511
2017-03-30 10:18:08.262603 RoadDetector[3297:815776] update acc location: -0.103928 and -0.167694 and -0.974289
2017-03-30 10:18:08.268636 RoadDetector[3297:815776] update gyro location: 0.285357 and -0.284018 and 0.240455
2017-03-30 10:18:08.281157 RoadDetector[3297:815776] update gyro location: 0.344948 and -0.211228 and 0.193556
2017-03-30 10:18:08.281291 RoadDetector[3297:815776] update acc location: -0.107056 and -0.155243 and -0.955200
2017-03-30 10:18:08.288564 RoadDetector[3297:815776] update gyro location: 0.341663 and -0.174968 and 0.174327
